<?xml version="1.0" encoding="UTF-8"?>
<testng-results ignored="0" total="1" passed="1" failed="0" skipped="0">
  <reporter-output>
  </reporter-output>
  <suite started-at="2025-05-12T18:24:04 IST" name="Default suite" finished-at="2025-05-12T18:24:17 IST" duration-ms="13402">
    <groups>
    </groups>
    <test started-at="2025-05-12T18:24:04 IST" name="Default test" finished-at="2025-05-12T18:24:17 IST" duration-ms="13402">
      <class name="com.amazon.qa.testCases.HomePageTest">
        <test-method is-config="true" signature="setup()[pri:0, instance:com.amazon.qa.testCases.HomePageTest@5e0e82ae]" started-at="2025-05-12T18:24:04 IST" name="setup" finished-at="2025-05-12T18:24:13 IST" duration-ms="9277" status="PASS">
          <reporter-output>
          </reporter-output>
        </test-method> <!-- setup -->
        <test-method signature="verifyUserNameTest()[pri:1, instance:com.amazon.qa.testCases.HomePageTest@5e0e82ae]" started-at="2025-05-12T18:24:13 IST" name="verifyUserNameTest" finished-at="2025-05-12T18:24:17 IST" duration-ms="3426" status="PASS">
          <reporter-output>
          </reporter-output>
        </test-method> <!-- verifyUserNameTest -->
        <test-method is-config="true" signature="tearDown()[pri:0, instance:com.amazon.qa.testCases.HomePageTest@5e0e82ae]" started-at="2025-05-12T18:24:17 IST" name="tearDown" finished-at="2025-05-12T18:24:17 IST" duration-ms="536" status="PASS">
          <reporter-output>
          </reporter-output>
        </test-method> <!-- tearDown -->
      </class> <!-- com.amazon.qa.testCases.HomePageTest -->
    </test> <!-- Default test -->
  </suite> <!-- Default suite -->
</testng-results>
